
///////////////////////////////////
// Efinity Synthesis Started 
// May 06, 2024 14:15:36
///////////////////////////////////


///////////////////////////////////
// Efinity Synthesis Started 
// May 06, 2024 14:16:11
///////////////////////////////////


///////////////////////////////////
// Efinity Synthesis Started 
// May 06, 2024 14:32:16
///////////////////////////////////


///////////////////////////////////
// Efinity Synthesis Started 
// May 06, 2024 14:33:25
///////////////////////////////////


///////////////////////////////////
// Efinity Synthesis Started 
// May 06, 2024 15:23:35
///////////////////////////////////


///////////////////////////////////
// Efinity Synthesis Started 
// May 06, 2024 15:24:19
///////////////////////////////////


///////////////////////////////////
// Efinity Synthesis Started 
// May 06, 2024 15:40:07
///////////////////////////////////


///////////////////////////////////
// Efinity Synthesis Started 
// May 06, 2024 15:40:50
///////////////////////////////////


///////////////////////////////////
// Efinity Synthesis Started 
// May 06, 2024 16:00:28
///////////////////////////////////


///////////////////////////////////
// Efinity Synthesis Started 
// May 06, 2024 16:01:09
///////////////////////////////////


///////////////////////////////////
// Efinity Synthesis Started 
// May 06, 2024 16:55:02
///////////////////////////////////


///////////////////////////////////
// Efinity Synthesis Started 
// May 06, 2024 16:55:43
///////////////////////////////////


///////////////////////////////////
// Efinity Synthesis Started 
// May 06, 2024 17:58:53
///////////////////////////////////


///////////////////////////////////
// Efinity Synthesis Started 
// May 06, 2024 17:59:35
///////////////////////////////////


///////////////////////////////////
// Efinity Synthesis Started 
// May 06, 2024 18:20:11
///////////////////////////////////


///////////////////////////////////
// Efinity Synthesis Started 
// May 06, 2024 18:20:59
///////////////////////////////////


///////////////////////////////////
// Efinity Synthesis Started 
// May 06, 2024 18:38:58
///////////////////////////////////


///////////////////////////////////
// Efinity Synthesis Started 
// May 06, 2024 18:39:42
///////////////////////////////////


///////////////////////////////////
// Efinity Synthesis Started 
// May 06, 2024 19:11:47
///////////////////////////////////


///////////////////////////////////
// Efinity Synthesis Started 
// May 06, 2024 19:12:30
///////////////////////////////////


///////////////////////////////////
// Efinity Synthesis Started 
// May 06, 2024 20:24:39
///////////////////////////////////


///////////////////////////////////
// Efinity Synthesis Started 
// May 06, 2024 20:25:24
///////////////////////////////////


///////////////////////////////////
// Efinity Synthesis Started 
// May 06, 2024 21:04:38
///////////////////////////////////


///////////////////////////////////
// Efinity Synthesis Started 
// May 06, 2024 21:05:21
///////////////////////////////////


///////////////////////////////////
// Efinity Synthesis Started 
// May 06, 2024 22:24:27
///////////////////////////////////


///////////////////////////////////
// Efinity Synthesis Started 
// May 06, 2024 22:25:13
///////////////////////////////////


///////////////////////////////////
// Efinity Synthesis Started 
// May 06, 2024 22:35:11
///////////////////////////////////


///////////////////////////////////
// Efinity Synthesis Started 
// May 06, 2024 22:35:56
///////////////////////////////////


///////////////////////////////////
// Efinity Synthesis Started 
// May 06, 2024 23:02:25
///////////////////////////////////


///////////////////////////////////
// Efinity Synthesis Started 
// May 06, 2024 23:03:35
///////////////////////////////////


///////////////////////////////////
// Efinity Synthesis Started 
// May 08, 2024 23:43:20
///////////////////////////////////


///////////////////////////////////
// Efinity Synthesis Started 
// May 08, 2024 23:44:29
///////////////////////////////////


///////////////////////////////////
// Efinity Synthesis Started 
// May 12, 2024 15:41:36
///////////////////////////////////


///////////////////////////////////
// Efinity Synthesis Started 
// May 12, 2024 15:42:45
///////////////////////////////////


///////////////////////////////////
// Efinity Synthesis Started 
// May 12, 2024 16:08:04
///////////////////////////////////


///////////////////////////////////
// Efinity Synthesis Started 
// May 12, 2024 16:09:12
///////////////////////////////////


///////////////////////////////////
// Efinity Synthesis Started 
// May 12, 2024 16:37:07
///////////////////////////////////


///////////////////////////////////
// Efinity Synthesis Started 
// May 12, 2024 16:38:16
///////////////////////////////////


///////////////////////////////////
// Efinity Synthesis Started 
// May 12, 2024 17:02:15
///////////////////////////////////


///////////////////////////////////
// Efinity Synthesis Started 
// May 12, 2024 17:03:19
///////////////////////////////////


///////////////////////////////////
// Efinity Synthesis Started 
// May 12, 2024 20:30:43
///////////////////////////////////


///////////////////////////////////
// Efinity Synthesis Started 
// May 12, 2024 20:31:44
///////////////////////////////////


///////////////////////////////////
// Efinity Synthesis Started 
// May 19, 2024 13:58:53
///////////////////////////////////


///////////////////////////////////
// Efinity Synthesis Started 
// May 19, 2024 13:59:51
///////////////////////////////////


///////////////////////////////////
// Efinity Synthesis Started 
// May 19, 2024 14:12:19
///////////////////////////////////


///////////////////////////////////
// Efinity Synthesis Started 
// May 19, 2024 14:13:18
///////////////////////////////////


///////////////////////////////////
// Efinity Synthesis Started 
// May 19, 2024 14:27:30
///////////////////////////////////


///////////////////////////////////
// Efinity Synthesis Started 
// May 19, 2024 14:28:29
///////////////////////////////////


///////////////////////////////////
// Efinity Synthesis Started 
// May 19, 2024 14:51:04
///////////////////////////////////


///////////////////////////////////
// Efinity Synthesis Started 
// May 19, 2024 14:52:22
///////////////////////////////////


///////////////////////////////////
// Efinity Synthesis Started 
// May 19, 2024 15:15:31
///////////////////////////////////


///////////////////////////////////
// Efinity Synthesis Started 
// May 19, 2024 15:16:30
///////////////////////////////////


///////////////////////////////////
// Efinity Synthesis Started 
// May 19, 2024 17:29:19
///////////////////////////////////


///////////////////////////////////
// Efinity Synthesis Started 
// May 19, 2024 17:30:20
///////////////////////////////////


///////////////////////////////////
// Efinity Synthesis Started 
// May 19, 2024 18:49:37
///////////////////////////////////


///////////////////////////////////
// Efinity Synthesis Started 
// May 19, 2024 18:50:37
///////////////////////////////////


///////////////////////////////////
// Efinity Synthesis Started 
// May 19, 2024 19:52:50
///////////////////////////////////


///////////////////////////////////
// Efinity Synthesis Started 
// May 19, 2024 19:53:51
///////////////////////////////////


///////////////////////////////////
// Efinity Synthesis Started 
// May 19, 2024 20:34:25
///////////////////////////////////


///////////////////////////////////
// Efinity Synthesis Started 
// May 19, 2024 20:35:26
///////////////////////////////////


///////////////////////////////////
// Efinity Synthesis Started 
// May 19, 2024 22:32:42
///////////////////////////////////


///////////////////////////////////
// Efinity Synthesis Started 
// May 19, 2024 22:33:43
///////////////////////////////////


///////////////////////////////////
// Efinity Synthesis Started 
// May 19, 2024 23:03:44
///////////////////////////////////


///////////////////////////////////
// Efinity Synthesis Started 
// May 19, 2024 23:04:44
///////////////////////////////////


///////////////////////////////////
// Efinity Synthesis Started 
// May 25, 2024 11:46:06
///////////////////////////////////


///////////////////////////////////
// Efinity Synthesis Started 
// May 25, 2024 11:47:07
///////////////////////////////////


///////////////////////////////////
// Efinity Synthesis Started 
// May 25, 2024 12:54:59
///////////////////////////////////


///////////////////////////////////
// Efinity Synthesis Started 
// May 25, 2024 12:56:01
///////////////////////////////////


///////////////////////////////////
// Efinity Synthesis Started 
// May 25, 2024 13:40:18
///////////////////////////////////


///////////////////////////////////
// Efinity Synthesis Started 
// May 25, 2024 13:41:18
///////////////////////////////////


///////////////////////////////////
// Efinity Synthesis Started 
// May 25, 2024 13:44:06
///////////////////////////////////


///////////////////////////////////
// Efinity Synthesis Started 
// May 25, 2024 13:45:07
///////////////////////////////////


///////////////////////////////////
// Efinity Synthesis Started 
// May 25, 2024 13:56:51
///////////////////////////////////


///////////////////////////////////
// Efinity Synthesis Started 
// May 25, 2024 13:57:53
///////////////////////////////////


///////////////////////////////////
// Efinity Synthesis Started 
// May 25, 2024 14:52:29
///////////////////////////////////


///////////////////////////////////
// Efinity Synthesis Started 
// May 25, 2024 14:53:28
///////////////////////////////////


///////////////////////////////////
// Efinity Synthesis Started 
// May 25, 2024 16:46:10
///////////////////////////////////


///////////////////////////////////
// Efinity Synthesis Started 
// May 25, 2024 16:47:29
///////////////////////////////////


///////////////////////////////////
// Efinity Synthesis Started 
// May 25, 2024 17:27:18
///////////////////////////////////


///////////////////////////////////
// Efinity Synthesis Started 
// May 25, 2024 17:28:38
///////////////////////////////////


///////////////////////////////////
// Efinity Synthesis Started 
// May 26, 2024 22:20:27
///////////////////////////////////


///////////////////////////////////
// Efinity Synthesis Started 
// May 26, 2024 22:21:48
///////////////////////////////////


///////////////////////////////////
// Efinity Synthesis Started 
// May 26, 2024 22:59:37
///////////////////////////////////


///////////////////////////////////
// Efinity Synthesis Started 
// May 26, 2024 23:01:00
///////////////////////////////////


///////////////////////////////////
// Efinity Synthesis Started 
// Jun 02, 2024 19:25:52
///////////////////////////////////


///////////////////////////////////
// Efinity Synthesis Started 
// Jun 02, 2024 19:27:14
///////////////////////////////////


///////////////////////////////////
// Efinity Synthesis Started 
// Jun 09, 2024 11:18:38
///////////////////////////////////


///////////////////////////////////
// Efinity Synthesis Started 
// Jun 09, 2024 11:20:03
///////////////////////////////////


///////////////////////////////////
// Efinity Synthesis Started 
// Jun 16, 2024 20:45:11
///////////////////////////////////


///////////////////////////////////
// Efinity Synthesis Started 
// Jun 16, 2024 20:46:33
///////////////////////////////////

[EFX-0210 ERROR] No Top design.

///////////////////////////////////
// Efinity Synthesis Started 
// Jun 16, 2024 20:55:09
///////////////////////////////////


///////////////////////////////////
// Efinity Synthesis Started 
// Jun 16, 2024 20:56:28
///////////////////////////////////

[EFX-0210 ERROR] No Top design.

///////////////////////////////////
// Efinity Synthesis Started 
// Jun 16, 2024 20:59:35
///////////////////////////////////


///////////////////////////////////
// Efinity Synthesis Started 
// Jun 16, 2024 21:00:31
///////////////////////////////////


///////////////////////////////////
// Efinity Synthesis Started 
// Jun 16, 2024 21:15:14
///////////////////////////////////


///////////////////////////////////
// Efinity Synthesis Started 
// Jun 16, 2024 21:16:09
///////////////////////////////////


///////////////////////////////////
// Efinity Synthesis Started 
// Jun 16, 2024 22:30:49
///////////////////////////////////


///////////////////////////////////
// Efinity Synthesis Started 
// Jun 16, 2024 22:31:47
///////////////////////////////////


///////////////////////////////////
// Efinity Synthesis Started 
// Jun 16, 2024 23:22:53
///////////////////////////////////


///////////////////////////////////
// Efinity Synthesis Started 
// Jun 16, 2024 23:23:49
///////////////////////////////////


///////////////////////////////////
// Efinity Synthesis Started 
// Jun 16, 2024 23:52:08
///////////////////////////////////


///////////////////////////////////
// Efinity Synthesis Started 
// Jun 16, 2024 23:53:05
///////////////////////////////////


///////////////////////////////////
// Efinity Synthesis Started 
// Jun 22, 2024 23:37:22
///////////////////////////////////


///////////////////////////////////
// Efinity Synthesis Started 
// Jun 22, 2024 23:38:21
///////////////////////////////////


///////////////////////////////////
// Efinity Synthesis Started 
// Jun 23, 2024 00:00:29
///////////////////////////////////


///////////////////////////////////
// Efinity Synthesis Started 
// Jun 23, 2024 00:01:28
///////////////////////////////////


///////////////////////////////////
// Efinity Synthesis Started 
// Jun 23, 2024 12:01:43
///////////////////////////////////


///////////////////////////////////
// Efinity Synthesis Started 
// Jun 23, 2024 12:02:40
///////////////////////////////////


///////////////////////////////////
// Efinity Synthesis Started 
// Jun 23, 2024 15:00:03
///////////////////////////////////


///////////////////////////////////
// Efinity Synthesis Started 
// Jun 23, 2024 15:01:00
///////////////////////////////////


///////////////////////////////////
// Efinity Synthesis Started 
// Jun 23, 2024 17:46:57
///////////////////////////////////


///////////////////////////////////
// Efinity Synthesis Started 
// Jun 23, 2024 17:47:54
///////////////////////////////////


///////////////////////////////////
// Efinity Synthesis Started 
// Jun 30, 2024 23:44:29
///////////////////////////////////


///////////////////////////////////
// Efinity Synthesis Started 
// Jun 30, 2024 23:45:28
///////////////////////////////////


///////////////////////////////////
// Efinity Synthesis Started 
// Jul 06, 2024 15:40:34
///////////////////////////////////


///////////////////////////////////
// Efinity Synthesis Started 
// Jul 06, 2024 15:41:29
///////////////////////////////////


///////////////////////////////////
// Efinity Synthesis Started 
// Jul 06, 2024 17:41:02
///////////////////////////////////


///////////////////////////////////
// Efinity Synthesis Started 
// Jul 06, 2024 17:41:57
///////////////////////////////////


///////////////////////////////////
// Efinity Synthesis Started 
// Jul 06, 2024 19:00:17
///////////////////////////////////


///////////////////////////////////
// Efinity Synthesis Started 
// Jul 06, 2024 19:00:53
///////////////////////////////////

